<?xml version="1.0" encoding="UTF-8"?>
<!-- Generated by org.testng.reporters.JUnitReportReporter -->
<testsuite skipped="0" hostname="DESKTOP-15MO1VP" name="TG1.com.demo.testNG.Base.TestCase" tests="3" failures="0" timestamp="31 Aug 2020 05:28:04 GMT" time="0.022" errors="0">
  <testcase name="BuyStock003" time="0.009" classname="TG1.com.demo.testNG.Base.TestCase"/>
  <testcase name="BuyStock001" time="0.009" classname="TG1.com.demo.testNG.Base.TestCase"/>
  <testcase name="BuyStock002" time="0.004" classname="TG1.com.demo.testNG.Base.TestCase"/>
</testsuite> <!-- TG1.com.demo.testNG.Base.TestCase -->
