<?xml version="1.0" encoding="UTF-8"?>
<!-- Generated by org.testng.reporters.JUnitReportReporter -->
<testsuite skipped="0" hostname="DESKTOP-15MO1VP" name="WD2.com.demo.webdriver.xpath.TAB_testcase" tests="1" failures="0" timestamp="22 Dec 2020 08:59:13 GMT" time="15.924" errors="0">
  <testcase name="testcaseTab" time="15.924" classname="WD2.com.demo.webdriver.xpath.TAB_testcase"/>
</testsuite> <!-- WD2.com.demo.webdriver.xpath.TAB_testcase -->
