<?xml version="1.0" encoding="UTF-8"?>
<!-- Generated by org.testng.reporters.JUnitReportReporter -->
<testsuite skipped="0" hostname="DESKTOP-15MO1VP" name="com.demo.toolsqa.IPODates" tests="1" failures="0" timestamp="21 Jun 2021 05:29:09 GMT" time="35.182" errors="0">
  <testcase name="validIPODates" time="35.182" classname="com.demo.toolsqa.IPODates"/>
</testsuite> <!-- com.demo.toolsqa.IPODates -->
