<?xml version="1.0" encoding="UTF-8"?>
<!-- Generated by org.testng.reporters.JUnitReportReporter -->
<testsuite skipped="0" hostname="DESKTOP-15MO1VP" name="TG4.com.demo.testNG.report.TestNGReport" tests="1" failures="0" timestamp="13 Jan 2021 10:11:48 GMT" time="16.586" errors="0">
  <testcase name="m1" time="16.586" classname="TG4.com.demo.testNG.report.TestNGReport"/>
</testsuite> <!-- TG4.com.demo.testNG.report.TestNGReport -->
