<?xml version="1.0" encoding="UTF-8"?>
<!-- Generated by org.testng.reporters.JUnitReportReporter -->
<testsuite skipped="0" hostname="DESKTOP-15MO1VP" name="com.demo.hybridframework.TestCases" tests="7" failures="0" timestamp="17 Jan 2021 11:14:06 GMT" time="0.489" errors="0">
  <testcase name="loginToApp_001" time="0.001" classname="com.demo.hybridframework.TestCases"/>
  <testcase name="buyStocks_001" time="0.017" classname="com.demo.hybridframework.TestCases"/>
  <testcase name="loginToApp_002" time="0.001" classname="com.demo.hybridframework.TestCases"/>
  <testcase name="checkpositions_001" time="0.001" classname="com.demo.hybridframework.TestCases"/>
  <testcase name="checkDematAccount_001" time="0.001" classname="com.demo.hybridframework.TestCases"/>
  <testcase name="sellStocks_001" time="0.001" classname="com.demo.hybridframework.TestCases"/>
  <testcase name="startExecution" time="0.467" classname="com.demo.hybridframework.TestCases"/>
</testsuite> <!-- com.demo.hybridframework.TestCases -->
