<?xml version="1.0" encoding="UTF-8"?>
<!-- Generated by org.testng.reporters.JUnitReportReporter -->
<testsuite skipped="0" hostname="DESKTOP-15MO1VP" name="com.demo.toolsqa.PractiseForm" tests="1" failures="0" timestamp="03 Jun 2021 11:12:18 GMT" time="23.166" errors="0">
  <testcase name="fillSampleForm" time="23.166" classname="com.demo.toolsqa.PractiseForm"/>
</testsuite> <!-- com.demo.toolsqa.PractiseForm -->
