<?xml version="1.0" encoding="UTF-8"?>
<!-- Generated by org.testng.reporters.JUnitReportReporter -->
<testsuite skipped="0" hostname="DESKTOP-15MO1VP" name="WD6.com.demo.webdriver.implicitExplicitWait.ExplicitWaitExample" tests="1" failures="0" timestamp="15 May 2021 11:52:00 GMT" time="11.373" errors="0">
  <testcase name="fillDominoEnquiry" time="11.373" classname="WD6.com.demo.webdriver.implicitExplicitWait.ExplicitWaitExample"/>
</testsuite> <!-- WD6.com.demo.webdriver.implicitExplicitWait.ExplicitWaitExample -->
