<?xml version="1.0" encoding="UTF-8"?>
<!-- Generated by org.testng.reporters.JUnitReportReporter -->
<testsuite skipped="0" hostname="DESKTOP-15MO1VP" name="TG1.com.demo.testNG.Base.LoginCases" tests="2" failures="0" timestamp="31 Aug 2020 06:00:06 GMT" time="0.034" errors="0">
  <testcase name="BuyStock003" time="0.012" classname="TG1.com.demo.testNG.Base.LoginCases"/>
  <testcase name="BuyStock002" time="0.022" classname="TG1.com.demo.testNG.Base.LoginCases"/>
</testsuite> <!-- TG1.com.demo.testNG.Base.LoginCases -->
