<?xml version="1.0" encoding="UTF-8"?>
<!-- Generated by org.testng.reporters.JUnitReportReporter -->
<testsuite skipped="0" hostname="DESKTOP-15MO1VP" name="OP3.com.demo.assignments.TestCase_001" tests="1" failures="0" timestamp="06 Jan 2021 16:54:15 GMT" time="11.673" errors="0">
  <testcase name="addItemsTocart" time="11.673" classname="OP3.com.demo.assignments.TestCase_001"/>
</testsuite> <!-- OP3.com.demo.assignments.TestCase_001 -->
