<?xml version="1.0" encoding="UTF-8"?>
<!-- Generated by org.testng.reporters.JUnitReportReporter -->
<testsuite skipped="0" hostname="DESKTOP-15MO1VP" name="com.demo.toolsqa.Interactions" tests="1" failures="0" timestamp="16 Jun 2021 17:22:43 GMT" time="23.999" errors="0">
  <testcase name="handleInteractionsWindow" time="23.999" classname="com.demo.toolsqa.Interactions"/>
</testsuite> <!-- com.demo.toolsqa.Interactions -->
