<?xml version="1.0" encoding="UTF-8"?>
<!-- Generated by org.testng.reporters.JUnitReportReporter -->
<testsuite skipped="0" hostname="DESKTOP-15MO1VP" name="TG1.com.demo.testNG.Base.ProfileCases" tests="3" failures="0" timestamp="31 Aug 2020 06:00:06 GMT" time="0.050" errors="0">
  <testcase name="BuyStock0033" time="0.014" classname="TG1.com.demo.testNG.Base.ProfileCases"/>
  <testcase name="BuyStock0011" time="0.020" classname="TG1.com.demo.testNG.Base.ProfileCases"/>
  <testcase name="BuyStock0022" time="0.016" classname="TG1.com.demo.testNG.Base.ProfileCases"/>
</testsuite> <!-- TG1.com.demo.testNG.Base.ProfileCases -->
