<?xml version="1.0" encoding="UTF-8"?>
<!-- Generated by org.testng.reporters.JUnitReportReporter -->
<testsuite skipped="0" hostname="DESKTOP-15MO1VP" name="com.demo.toolsqa.Widgets" tests="1" failures="0" timestamp="14 Jun 2021 11:08:44 GMT" time="52.688" errors="0">
  <testcase name="handleAlertsFrameWindow" time="52.688" classname="com.demo.toolsqa.Widgets"/>
</testsuite> <!-- com.demo.toolsqa.Widgets -->
