<?xml version="1.0" encoding="UTF-8"?>
<!-- Generated by org.testng.reporters.JUnitReportReporter -->
<testsuite skipped="0" hostname="DESKTOP-15MO1VP" name="com.demo.toolsqa.AlertsFrameWindow" tests="1" failures="0" timestamp="11 Jun 2021 09:16:36 GMT" time="37.650" errors="0">
  <testcase name="handleAlertsFrameWindow" time="37.650" classname="com.demo.toolsqa.AlertsFrameWindow"/>
</testsuite> <!-- com.demo.toolsqa.AlertsFrameWindow -->
